<?xml version="1.0" encoding="UTF-8"?>
<testng-results ignored="0" total="1" passed="1" failed="0" skipped="0">
  <reporter-output>
  </reporter-output>
  <suite started-at="2023-08-04T17:08:37 IST" name="Default suite" finished-at="2023-08-04T17:08:37 IST" duration-ms="94">
    <groups>
    </groups>
    <test started-at="2023-08-04T17:08:37 IST" name="Default test" finished-at="2023-08-04T17:08:37 IST" duration-ms="94">
      <class name="Sample.Demo">
        <test-method signature="sample()[pri:0, instance:Sample.Demo@7e9131d5]" started-at="2023-08-04T17:08:37 IST" name="sample" finished-at="2023-08-04T17:08:37 IST" duration-ms="16" status="PASS">
          <reporter-output>
          </reporter-output>
        </test-method> <!-- sample -->
      </class> <!-- Sample.Demo -->
    </test> <!-- Default test -->
  </suite> <!-- Default suite -->
</testng-results>
